# JRE version: OpenJDK Runtime Environment (8.0_212-b04) (build 1.8.0_212-release-1586-b04)
# Java VM: OpenJDK 64-Bit Server VM (25.212-b04 mixed mode windows-amd64 compressed oops)
Heap:
 PSYoungGen      total 298496K, used 124390K [0x00000000e0000000, 0x00000000f4300000, 0x0000000100000000)
  eden space 275968K, 45% used [0x00000000e0000000,0x00000000e79799d8,0x00000000f0d80000)
  from space 22528K, 0% used [0x00000000f2480000,0x00000000f2480000,0x00000000f3a80000)
  to   space 23552K, 0% used [0x00000000f0d80000,0x00000000f0d80000,0x00000000f2480000)
 ParOldGen       total 323584K, used 33035K [0x00000000a0000000, 0x00000000b3c00000, 0x00000000e0000000)
  object space 323584K, 10% used [0x00000000a0000000,0x00000000a2042fa8,0x00000000b3c00000)
 Metaspace       used 60504K, capacity 63252K, committed 63528K, reserved 1103872K
  class space    used 8346K, capacity 8921K, committed 9000K, reserved 1048576K
GC Heap History (10 events):
Event: 4.378 GC heap before
{Heap before GC invocations=5 (full 1):
 PSYoungGen      total 152576K, used 74890K [0x00000000e0000000, 0x00000000ee780000, 0x0000000100000000)
  eden space 131072K, 47% used [0x00000000e0000000,0x00000000e3c2fc90,0x00000000e8000000)
  from space 21504K, 61% used [0x00000000e8000000,0x00000000e8cf2d00,0x00000000e9500000)
  to   space 21504K, 0% used [0x00000000ed280000,0x00000000ed280000,0x00000000ee780000)
 ParOldGen       total 209408K, used 13678K [0x00000000a0000000, 0x00000000acc80000, 0x00000000e0000000)
  object space 209408K, 6% used [0x00000000a0000000,0x00000000a0d5bba0,0x00000000acc80000)
 Metaspace       used 34568K, capacity 35448K, committed 35496K, reserved 1079296K
  class space    used 4742K, capacity 4997K, committed 5032K, reserved 1048576K
Event: 4.391 GC heap after
Heap after GC invocations=5 (full 1):
 PSYoungGen      total 215552K, used 10073K [0x00000000e0000000, 0x00000000ef480000, 0x0000000100000000)
  eden space 194048K, 0% used [0x00000000e0000000,0x00000000e0000000,0x00000000ebd80000)
  from space 21504K, 46% used [0x00000000ed280000,0x00000000edc56648,0x00000000ee780000)
  to   space 21504K, 0% used [0x00000000ebd80000,0x00000000ebd80000,0x00000000ed280000)
 ParOldGen       total 209408K, used 13686K [0x00000000a0000000, 0x00000000acc80000, 0x00000000e0000000)
  object space 209408K, 6% used [0x00000000a0000000,0x00000000a0d5dba0,0x00000000acc80000)
 Metaspace       used 34568K, capacity 35448K, committed 35496K, reserved 1079296K
  class space    used 4742K, capacity 4997K, committed 5032K, reserved 1048576K
}
Event: 4.391 GC heap before
{Heap before GC invocations=6 (full 2):
 PSYoungGen      total 215552K, used 10073K [0x00000000e0000000, 0x00000000ef480000, 0x0000000100000000)
  eden space 194048K, 0% used [0x00000000e0000000,0x00000000e0000000,0x00000000ebd80000)
  from space 21504K, 46% used [0x00000000ed280000,0x00000000edc56648,0x00000000ee780000)
  to   space 21504K, 0% used [0x00000000ebd80000,0x00000000ebd80000,0x00000000ed280000)
 ParOldGen       total 209408K, used 13686K [0x00000000a0000000, 0x00000000acc80000, 0x00000000e0000000)
  object space 209408K, 6% used [0x00000000a0000000,0x00000000a0d5dba0,0x00000000acc80000)
 Metaspace       used 34568K, capacity 35448K, committed 35496K, reserved 1079296K
  class space    used 4742K, capacity 4997K, committed 5032K, reserved 1048576K
Event: 4.431 GC heap after
Heap after GC invocations=6 (full 2):
 PSYoungGen      total 215552K, used 0K [0x00000000e0000000, 0x00000000ef480000, 0x0000000100000000)
  eden space 194048K, 0% used [0x00000000e0000000,0x00000000e0000000,0x00000000ebd80000)
  from space 21504K, 0% used [0x00000000ed280000,0x00000000ed280000,0x00000000ee780000)
  to   space 21504K, 0% used [0x00000000ebd80000,0x00000000ebd80000,0x00000000ed280000)
 ParOldGen       total 323584K, used 17261K [0x00000000a0000000, 0x00000000b3c00000, 0x00000000e0000000)
  object space 323584K, 5% used [0x00000000a0000000,0x00000000a10db5c0,0x00000000b3c00000)
 Metaspace       used 34546K, capacity 35376K, committed 35496K, reserved 1079296K
  class space    used 4736K, capacity 4985K, committed 5032K, reserved 1048576K
}
Event: 6.335 GC heap before
{Heap before GC invocations=7 (full 2):
 PSYoungGen      total 215552K, used 194048K [0x00000000e0000000, 0x00000000ef480000, 0x0000000100000000)
  eden space 194048K, 100% used [0x00000000e0000000,0x00000000ebd80000,0x00000000ebd80000)
  from space 21504K, 0% used [0x00000000ed280000,0x00000000ed280000,0x00000000ee780000)
  to   space 21504K, 0% used [0x00000000ebd80000,0x00000000ebd80000,0x00000000ed280000)
 ParOldGen       total 323584K, used 17261K [0x00000000a0000000, 0x00000000b3c00000, 0x00000000e0000000)
  object space 323584K, 5% used [0x00000000a0000000,0x00000000a10db5c0,0x00000000b3c00000)
 Metaspace       used 51815K, capacity 53446K, committed 53544K, reserved 1095680K
  class space    used 7051K, capacity 7444K, committed 7464K, reserved 1048576K
Event: 6.359 GC heap after
Heap after GC invocations=7 (full 2):
 PSYoungGen      total 215552K, used 21490K [0x00000000e0000000, 0x00000000f3a80000, 0x0000000100000000)
  eden space 194048K, 0% used [0x00000000e0000000,0x00000000e0000000,0x00000000ebd80000)
  from space 21504K, 99% used [0x00000000ebd80000,0x00000000ed27c918,0x00000000ed280000)
  to   space 22528K, 0% used [0x00000000f2480000,0x00000000f2480000,0x00000000f3a80000)
 ParOldGen       total 323584K, used 19276K [0x00000000a0000000, 0x00000000b3c00000, 0x00000000e0000000)
  object space 323584K, 5% used [0x00000000a0000000,0x00000000a12d3248,0x00000000b3c00000)
 Metaspace       used 51815K, capacity 53446K, committed 53544K, reserved 1095680K
  class space    used 7051K, capacity 7444K, committed 7464K, reserved 1048576K
}
Event: 7.005 GC heap before
{Heap before GC invocations=8 (full 2):
 PSYoungGen      total 215552K, used 107039K [0x00000000e0000000, 0x00000000f3a80000, 0x0000000100000000)
  eden space 194048K, 44% used [0x00000000e0000000,0x00000000e538b420,0x00000000ebd80000)
  from space 21504K, 99% used [0x00000000ebd80000,0x00000000ed27c918,0x00000000ed280000)
  to   space 22528K, 0% used [0x00000000f2480000,0x00000000f2480000,0x00000000f3a80000)
 ParOldGen       total 323584K, used 19276K [0x00000000a0000000, 0x00000000b3c00000, 0x00000000e0000000)
  object space 323584K, 5% used [0x00000000a0000000,0x00000000a12d3248,0x00000000b3c00000)
 Metaspace       used 57193K, capacity 59048K, committed 59160K, reserved 1099776K
  class space    used 7849K, capacity 8281K, committed 8360K, reserved 1048576K
Event: 7.019 GC heap after
Heap after GC invocations=8 (full 2):
 PSYoungGen      total 298496K, used 19000K [0x00000000e0000000, 0x00000000f4300000, 0x0000000100000000)
  eden space 275968K, 0% used [0x00000000e0000000,0x00000000e0000000,0x00000000f0d80000)
  from space 22528K, 84% used [0x00000000f2480000,0x00000000f370e0c8,0x00000000f3a80000)
  to   space 23552K, 0% used [0x00000000f0d80000,0x00000000f0d80000,0x00000000f2480000)
 ParOldGen       total 323584K, used 19284K [0x00000000a0000000, 0x00000000b3c00000, 0x00000000e0000000)
  object space 323584K, 5% used [0x00000000a0000000,0x00000000a12d5248,0x00000000b3c00000)
 Metaspace       used 57193K, capacity 59048K, committed 59160K, reserved 1099776K
  class space    used 7849K, capacity 8281K, committed 8360K, reserved 1048576K
}
Event: 7.019 GC heap before
{Heap before GC invocations=9 (full 3):
 PSYoungGen      total 298496K, used 19000K [0x00000000e0000000, 0x00000000f4300000, 0x0000000100000000)
  eden space 275968K, 0% used [0x00000000e0000000,0x00000000e0000000,0x00000000f0d80000)
  from space 22528K, 84% used [0x00000000f2480000,0x00000000f370e0c8,0x00000000f3a80000)
  to   space 23552K, 0% used [0x00000000f0d80000,0x00000000f0d80000,0x00000000f2480000)
 ParOldGen       total 323584K, used 19284K [0x00000000a0000000, 0x00000000b3c00000, 0x00000000e0000000)
  object space 323584K, 5% used [0x00000000a0000000,0x00000000a12d5248,0x00000000b3c00000)
 Metaspace       used 57193K, capacity 59048K, committed 59160K, reserved 1099776K
  class space    used 7849K, capacity 8281K, committed 8360K, reserved 1048576K
Event: 7.200 GC heap after
Heap after GC invocations=9 (full 3):
 PSYoungGen      total 298496K, used 0K [0x00000000e0000000, 0x00000000f4300000, 0x0000000100000000)
  eden space 275968K, 0% used [0x00000000e0000000,0x00000000e0000000,0x00000000f0d80000)
  from space 22528K, 0% used [0x00000000f2480000,0x00000000f2480000,0x00000000f3a80000)
  to   space 23552K, 0% used [0x00000000f0d80000,0x00000000f0d80000,0x00000000f2480000)
 ParOldGen       total 323584K, used 33035K [0x00000000a0000000, 0x00000000b3c00000, 0x00000000e0000000)
  object space 323584K, 10% used [0x00000000a0000000,0x00000000a2042fa8,0x00000000b3c00000)
 Metaspace       used 57193K, capacity 59048K, committed 59160K, reserved 1099776K
  class space    used 7849K, capacity 8281K, committed 8360K, reserved 1048576K
}

