# JRE version: OpenJDK Runtime Environment (8.0_212-b04) (build 1.8.0_212-release-1586-b04)
# Java VM: OpenJDK 64-Bit Server VM (25.212-b04 mixed mode windows-amd64 compressed oops)
Heap:
 PSYoungGen      total 616448K, used 123940K [0x00000000d5580000, 0x00000000fe500000, 0x0000000100000000)
  eden space 566784K, 15% used [0x00000000d5580000,0x00000000dad6f970,0x00000000f7f00000)
  from space 49664K, 68% used [0x00000000fb080000,0x00000000fd199980,0x00000000fe100000)
  to   space 50688K, 0% used [0x00000000f7f00000,0x00000000f7f00000,0x00000000fb080000)
 ParOldGen       total 457216K, used 58949K [0x0000000080000000, 0x000000009be80000, 0x00000000d5580000)
  object space 457216K, 12% used [0x0000000080000000,0x0000000083991450,0x000000009be80000)
 Metaspace       used 107450K, capacity 112997K, committed 113140K, reserved 1146880K
  class space    used 14169K, capacity 15259K, committed 15348K, reserved 1048576K
GC Heap History (10 events):
Event: 72.343 GC heap before
{Heap before GC invocations=12 (full 3):
 PSYoungGen      total 389632K, used 389625K [0x00000000d5580000, 0x00000000efd80000, 0x0000000100000000)
  eden space 360448K, 100% used [0x00000000d5580000,0x00000000eb580000,0x00000000eb580000)
  from space 29184K, 99% used [0x00000000ee000000,0x00000000efc7e6e8,0x00000000efc80000)
  to   space 36864K, 0% used [0x00000000eb580000,0x00000000eb580000,0x00000000ed980000)
 ParOldGen       total 457216K, used 43690K [0x0000000080000000, 0x000000009be80000, 0x00000000d5580000)
  object space 457216K, 9% used [0x0000000080000000,0x0000000082aaabd8,0x000000009be80000)
 Metaspace       used 84953K, capacity 89477K, committed 89728K, reserved 1126400K
  class space    used 11170K, capacity 12061K, committed 12160K, reserved 1048576K
Event: 72.370 GC heap after
Heap after GC invocations=12 (full 3):
 PSYoungGen      total 397312K, used 36857K [0x00000000d5580000, 0x00000000f3580000, 0x0000000100000000)
  eden space 360448K, 0% used [0x00000000d5580000,0x00000000d5580000,0x00000000eb580000)
  from space 36864K, 99% used [0x00000000eb580000,0x00000000ed97e6b0,0x00000000ed980000)
  to   space 44544K, 0% used [0x00000000f0a00000,0x00000000f0a00000,0x00000000f3580000)
 ParOldGen       total 457216K, used 50158K [0x0000000080000000, 0x000000009be80000, 0x00000000d5580000)
  object space 457216K, 10% used [0x0000000080000000,0x00000000830fb950,0x000000009be80000)
 Metaspace       used 84953K, capacity 89477K, committed 89728K, reserved 1126400K
  class space    used 11170K, capacity 12061K, committed 12160K, reserved 1048576K
}
Event: 89.476 GC heap before
{Heap before GC invocations=13 (full 3):
 PSYoungGen      total 397312K, used 300320K [0x00000000d5580000, 0x00000000f3580000, 0x0000000100000000)
  eden space 360448K, 73% used [0x00000000d5580000,0x00000000e56c9ae8,0x00000000eb580000)
  from space 36864K, 99% used [0x00000000eb580000,0x00000000ed97e6b0,0x00000000ed980000)
  to   space 44544K, 0% used [0x00000000f0a00000,0x00000000f0a00000,0x00000000f3580000)
 ParOldGen       total 457216K, used 50158K [0x0000000080000000, 0x000000009be80000, 0x00000000d5580000)
  object space 457216K, 10% used [0x0000000080000000,0x00000000830fb950,0x000000009be80000)
 Metaspace       used 93134K, capacity 98511K, committed 98816K, reserved 1134592K
  class space    used 12257K, capacity 13260K, committed 13312K, reserved 1048576K
Event: 89.500 GC heap after
Heap after GC invocations=13 (full 3):
 PSYoungGen      total 439808K, used 39021K [0x00000000d5580000, 0x00000000f3680000, 0x0000000100000000)
  eden space 395264K, 0% used [0x00000000d5580000,0x00000000d5580000,0x00000000ed780000)
  from space 44544K, 87% used [0x00000000f0a00000,0x00000000f301b628,0x00000000f3580000)
  to   space 48640K, 0% used [0x00000000ed780000,0x00000000ed780000,0x00000000f0700000)
 ParOldGen       total 457216K, used 50166K [0x0000000080000000, 0x000000009be80000, 0x00000000d5580000)
  object space 457216K, 10% used [0x0000000080000000,0x00000000830fd950,0x000000009be80000)
 Metaspace       used 93134K, capacity 98511K, committed 98816K, reserved 1134592K
  class space    used 12257K, capacity 13260K, committed 13312K, reserved 1048576K
}
Event: 89.529 GC heap before
{Heap before GC invocations=14 (full 3):
 PSYoungGen      total 439808K, used 46748K [0x00000000d5580000, 0x00000000f3680000, 0x0000000100000000)
  eden space 395264K, 1% used [0x00000000d5580000,0x00000000d5d0bd60,0x00000000ed780000)
  from space 44544K, 87% used [0x00000000f0a00000,0x00000000f301b628,0x00000000f3580000)
  to   space 48640K, 0% used [0x00000000ed780000,0x00000000ed780000,0x00000000f0700000)
 ParOldGen       total 457216K, used 50166K [0x0000000080000000, 0x000000009be80000, 0x00000000d5580000)
  object space 457216K, 10% used [0x0000000080000000,0x00000000830fd950,0x000000009be80000)
 Metaspace       used 93435K, capacity 98767K, committed 98932K, reserved 1134592K
  class space    used 12301K, capacity 13324K, committed 13428K, reserved 1048576K
Event: 89.544 GC heap after
Heap after GC invocations=14 (full 3):
 PSYoungGen      total 443904K, used 33265K [0x00000000d5580000, 0x00000000fe100000, 0x0000000100000000)
  eden space 395264K, 0% used [0x00000000d5580000,0x00000000d5580000,0x00000000ed780000)
  from space 48640K, 68% used [0x00000000ed780000,0x00000000ef7fc548,0x00000000f0700000)
  to   space 49664K, 0% used [0x00000000fb080000,0x00000000fb080000,0x00000000fe100000)
 ParOldGen       total 457216K, used 50174K [0x0000000080000000, 0x000000009be80000, 0x00000000d5580000)
  object space 457216K, 10% used [0x0000000080000000,0x00000000830ff950,0x000000009be80000)
 Metaspace       used 93435K, capacity 98767K, committed 98932K, reserved 1134592K
  class space    used 12301K, capacity 13324K, committed 13428K, reserved 1048576K
}
Event: 89.544 GC heap before
{Heap before GC invocations=15 (full 4):
 PSYoungGen      total 443904K, used 33265K [0x00000000d5580000, 0x00000000fe100000, 0x0000000100000000)
  eden space 395264K, 0% used [0x00000000d5580000,0x00000000d5580000,0x00000000ed780000)
  from space 48640K, 68% used [0x00000000ed780000,0x00000000ef7fc548,0x00000000f0700000)
  to   space 49664K, 0% used [0x00000000fb080000,0x00000000fb080000,0x00000000fe100000)
 ParOldGen       total 457216K, used 50174K [0x0000000080000000, 0x000000009be80000, 0x00000000d5580000)
  object space 457216K, 10% used [0x0000000080000000,0x00000000830ff950,0x000000009be80000)
 Metaspace       used 93435K, capacity 98767K, committed 98932K, reserved 1134592K
  class space    used 12301K, capacity 13324K, committed 13428K, reserved 1048576K
Event: 89.685 GC heap after
Heap after GC invocations=15 (full 4):
 PSYoungGen      total 443904K, used 0K [0x00000000d5580000, 0x00000000fe100000, 0x0000000100000000)
  eden space 395264K, 0% used [0x00000000d5580000,0x00000000d5580000,0x00000000ed780000)
  from space 48640K, 0% used [0x00000000ed780000,0x00000000ed780000,0x00000000f0700000)
  to   space 49664K, 0% used [0x00000000fb080000,0x00000000fb080000,0x00000000fe100000)
 ParOldGen       total 457216K, used 58941K [0x0000000080000000, 0x000000009be80000, 0x00000000d5580000)
  object space 457216K, 12% used [0x0000000080000000,0x000000008398f450,0x000000009be80000)
 Metaspace       used 93078K, capacity 97751K, committed 98932K, reserved 1134592K
  class space    used 12188K, capacity 13131K, committed 13428K, reserved 1048576K
}
Event: 91.460 GC heap before
{Heap before GC invocations=16 (full 4):
 PSYoungGen      total 443904K, used 395264K [0x00000000d5580000, 0x00000000fe100000, 0x0000000100000000)
  eden space 395264K, 100% used [0x00000000d5580000,0x00000000ed780000,0x00000000ed780000)
  from space 48640K, 0% used [0x00000000ed780000,0x00000000ed780000,0x00000000f0700000)
  to   space 49664K, 0% used [0x00000000fb080000,0x00000000fb080000,0x00000000fe100000)
 ParOldGen       total 457216K, used 58941K [0x0000000080000000, 0x000000009be80000, 0x00000000d5580000)
  object space 457216K, 12% used [0x0000000080000000,0x000000008398f450,0x000000009be80000)
 Metaspace       used 107296K, capacity 112857K, committed 113140K, reserved 1146880K
  class space    used 14168K, capacity 15257K, committed 15348K, reserved 1048576K
Event: 91.490 GC heap after
Heap after GC invocations=16 (full 4):
 PSYoungGen      total 616448K, used 33894K [0x00000000d5580000, 0x00000000fe500000, 0x0000000100000000)
  eden space 566784K, 0% used [0x00000000d5580000,0x00000000d5580000,0x00000000f7f00000)
  from space 49664K, 68% used [0x00000000fb080000,0x00000000fd199980,0x00000000fe100000)
  to   space 50688K, 0% used [0x00000000f7f00000,0x00000000f7f00000,0x00000000fb080000)
 ParOldGen       total 457216K, used 58949K [0x0000000080000000, 0x000000009be80000, 0x00000000d5580000)
  object space 457216K, 12% used [0x0000000080000000,0x0000000083991450,0x000000009be80000)
 Metaspace       used 107296K, capacity 112857K, committed 113140K, reserved 1146880K
  class space    used 14168K, capacity 15257K, committed 15348K, reserved 1048576K
}

