# JRE version: OpenJDK Runtime Environment (8.0_212-b04) (build 1.8.0_212-release-1586-b04)
# Java VM: OpenJDK 64-Bit Server VM (25.212-b04 mixed mode windows-amd64 compressed oops)
Heap:
 PSYoungGen      total 217088K, used 97485K [0x00000000e0000000, 0x00000000f3380000, 0x0000000100000000)
  eden space 195584K, 38% used [0x00000000e0000000,0x00000000e4a3acb8,0x00000000ebf00000)
  from space 21504K, 99% used [0x00000000ebf00000,0x00000000ed3f8b00,0x00000000ed400000)
  to   space 22528K, 0% used [0x00000000f1d80000,0x00000000f1d80000,0x00000000f3380000)
 ParOldGen       total 332800K, used 19280K [0x00000000a0000000, 0x00000000b4500000, 0x00000000e0000000)
  object space 332800K, 5% used [0x00000000a0000000,0x00000000a12d4208,0x00000000b4500000)
 Metaspace       used 56697K, capacity 58570K, committed 58752K, reserved 1101824K
  class space    used 7769K, capacity 8196K, committed 8320K, reserved 1048576K
GC Heap History (10 events):
Event: 2.676 GC heap before
{Heap before GC invocations=3 (full 1):
 PSYoungGen      total 152576K, used 14110K [0x00000000e0000000, 0x00000000f2a00000, 0x0000000100000000)
  eden space 131072K, 0% used [0x00000000e0000000,0x00000000e0000000,0x00000000e8000000)
  from space 21504K, 65% used [0x00000000e9500000,0x00000000ea2c7bb0,0x00000000eaa00000)
  to   space 21504K, 0% used [0x00000000e8000000,0x00000000e8000000,0x00000000e9500000)
 ParOldGen       total 348160K, used 24K [0x00000000a0000000, 0x00000000b5400000, 0x00000000e0000000)
  object space 348160K, 0% used [0x00000000a0000000,0x00000000a0006000,0x00000000b5400000)
 Metaspace       used 20692K, capacity 21210K, committed 21296K, reserved 1067008K
  class space    used 2990K, capacity 3165K, committed 3200K, reserved 1048576K
Event: 2.703 GC heap after
Heap after GC invocations=3 (full 1):
 PSYoungGen      total 152576K, used 0K [0x00000000e0000000, 0x00000000f2a00000, 0x0000000100000000)
  eden space 131072K, 0% used [0x00000000e0000000,0x00000000e0000000,0x00000000e8000000)
  from space 21504K, 0% used [0x00000000e9500000,0x00000000e9500000,0x00000000eaa00000)
  to   space 21504K, 0% used [0x00000000e8000000,0x00000000e8000000,0x00000000e9500000)
 ParOldGen       total 208384K, used 13567K [0x00000000a0000000, 0x00000000acb80000, 0x00000000e0000000)
  object space 208384K, 6% used [0x00000000a0000000,0x00000000a0d3fcb8,0x00000000acb80000)
 Metaspace       used 20692K, capacity 21210K, committed 21296K, reserved 1067008K
  class space    used 2990K, capacity 3165K, committed 3200K, reserved 1048576K
}
Event: 3.678 GC heap before
{Heap before GC invocations=4 (full 1):
 PSYoungGen      total 152576K, used 131072K [0x00000000e0000000, 0x00000000f2a00000, 0x0000000100000000)
  eden space 131072K, 100% used [0x00000000e0000000,0x00000000e8000000,0x00000000e8000000)
  from space 21504K, 0% used [0x00000000e9500000,0x00000000e9500000,0x00000000eaa00000)
  to   space 21504K, 0% used [0x00000000e8000000,0x00000000e8000000,0x00000000e9500000)
 ParOldGen       total 208384K, used 13567K [0x00000000a0000000, 0x00000000acb80000, 0x00000000e0000000)
  object space 208384K, 6% used [0x00000000a0000000,0x00000000a0d3fcb8,0x00000000acb80000)
 Metaspace       used 31966K, capacity 32660K, committed 32768K, reserved 1077248K
  class space    used 4385K, capacity 4563K, committed 4608K, reserved 1048576K
Event: 3.685 GC heap after
Heap after GC invocations=4 (full 1):
 PSYoungGen      total 152576K, used 13273K [0x00000000e0000000, 0x00000000ee900000, 0x0000000100000000)
  eden space 131072K, 0% used [0x00000000e0000000,0x00000000e0000000,0x00000000e8000000)
  from space 21504K, 61% used [0x00000000e8000000,0x00000000e8cf6498,0x00000000e9500000)
  to   space 21504K, 0% used [0x00000000ed400000,0x00000000ed400000,0x00000000ee900000)
 ParOldGen       total 208384K, used 13575K [0x00000000a0000000, 0x00000000acb80000, 0x00000000e0000000)
  object space 208384K, 6% used [0x00000000a0000000,0x00000000a0d41cb8,0x00000000acb80000)
 Metaspace       used 31966K, capacity 32660K, committed 32768K, reserved 1077248K
  class space    used 4385K, capacity 4563K, committed 4608K, reserved 1048576K
}
Event: 4.132 GC heap before
{Heap before GC invocations=5 (full 1):
 PSYoungGen      total 152576K, used 75005K [0x00000000e0000000, 0x00000000ee900000, 0x0000000100000000)
  eden space 131072K, 47% used [0x00000000e0000000,0x00000000e3c48f68,0x00000000e8000000)
  from space 21504K, 61% used [0x00000000e8000000,0x00000000e8cf6498,0x00000000e9500000)
  to   space 21504K, 0% used [0x00000000ed400000,0x00000000ed400000,0x00000000ee900000)
 ParOldGen       total 208384K, used 13575K [0x00000000a0000000, 0x00000000acb80000, 0x00000000e0000000)
  object space 208384K, 6% used [0x00000000a0000000,0x00000000a0d41cb8,0x00000000acb80000)
 Metaspace       used 34530K, capacity 35406K, committed 35456K, reserved 1079296K
  class space    used 4738K, capacity 4964K, committed 4992K, reserved 1048576K
Event: 4.138 GC heap after
Heap after GC invocations=5 (full 1):
 PSYoungGen      total 217088K, used 10090K [0x00000000e0000000, 0x00000000eec80000, 0x0000000100000000)
  eden space 195584K, 0% used [0x00000000e0000000,0x00000000e0000000,0x00000000ebf00000)
  from space 21504K, 46% used [0x00000000ed400000,0x00000000eddda9b8,0x00000000ee900000)
  to   space 21504K, 0% used [0x00000000ebf00000,0x00000000ebf00000,0x00000000ed400000)
 ParOldGen       total 208384K, used 13583K [0x00000000a0000000, 0x00000000acb80000, 0x00000000e0000000)
  object space 208384K, 6% used [0x00000000a0000000,0x00000000a0d43cb8,0x00000000acb80000)
 Metaspace       used 34530K, capacity 35406K, committed 35456K, reserved 1079296K
  class space    used 4738K, capacity 4964K, committed 4992K, reserved 1048576K
}
Event: 4.138 GC heap before
{Heap before GC invocations=6 (full 2):
 PSYoungGen      total 217088K, used 10090K [0x00000000e0000000, 0x00000000eec80000, 0x0000000100000000)
  eden space 195584K, 0% used [0x00000000e0000000,0x00000000e0000000,0x00000000ebf00000)
  from space 21504K, 46% used [0x00000000ed400000,0x00000000eddda9b8,0x00000000ee900000)
  to   space 21504K, 0% used [0x00000000ebf00000,0x00000000ebf00000,0x00000000ed400000)
 ParOldGen       total 208384K, used 13583K [0x00000000a0000000, 0x00000000acb80000, 0x00000000e0000000)
  object space 208384K, 6% used [0x00000000a0000000,0x00000000a0d43cb8,0x00000000acb80000)
 Metaspace       used 34530K, capacity 35406K, committed 35456K, reserved 1079296K
  class space    used 4738K, capacity 4964K, committed 4992K, reserved 1048576K
Event: 4.174 GC heap after
Heap after GC invocations=6 (full 2):
 PSYoungGen      total 217088K, used 0K [0x00000000e0000000, 0x00000000eec80000, 0x0000000100000000)
  eden space 195584K, 0% used [0x00000000e0000000,0x00000000e0000000,0x00000000ebf00000)
  from space 21504K, 0% used [0x00000000ed400000,0x00000000ed400000,0x00000000ee900000)
  to   space 21504K, 0% used [0x00000000ebf00000,0x00000000ebf00000,0x00000000ed400000)
 ParOldGen       total 332800K, used 17255K [0x00000000a0000000, 0x00000000b4500000, 0x00000000e0000000)
  object space 332800K, 5% used [0x00000000a0000000,0x00000000a10d9e68,0x00000000b4500000)
 Metaspace       used 34510K, capacity 35340K, committed 35456K, reserved 1079296K
  class space    used 4732K, capacity 4953K, committed 4992K, reserved 1048576K
}
Event: 5.984 GC heap before
{Heap before GC invocations=7 (full 2):
 PSYoungGen      total 217088K, used 195584K [0x00000000e0000000, 0x00000000eec80000, 0x0000000100000000)
  eden space 195584K, 100% used [0x00000000e0000000,0x00000000ebf00000,0x00000000ebf00000)
  from space 21504K, 0% used [0x00000000ed400000,0x00000000ed400000,0x00000000ee900000)
  to   space 21504K, 0% used [0x00000000ebf00000,0x00000000ebf00000,0x00000000ed400000)
 ParOldGen       total 332800K, used 17255K [0x00000000a0000000, 0x00000000b4500000, 0x00000000e0000000)
  object space 332800K, 5% used [0x00000000a0000000,0x00000000a10d9e68,0x00000000b4500000)
 Metaspace       used 51800K, capacity 53488K, committed 53632K, reserved 1095680K
  class space    used 7045K, capacity 7435K, committed 7552K, reserved 1048576K
Event: 6.003 GC heap after
Heap after GC invocations=7 (full 2):
 PSYoungGen      total 217088K, used 21474K [0x00000000e0000000, 0x00000000f3380000, 0x0000000100000000)
  eden space 195584K, 0% used [0x00000000e0000000,0x00000000e0000000,0x00000000ebf00000)
  from space 21504K, 99% used [0x00000000ebf00000,0x00000000ed3f8b00,0x00000000ed400000)
  to   space 22528K, 0% used [0x00000000f1d80000,0x00000000f1d80000,0x00000000f3380000)
 ParOldGen       total 332800K, used 19280K [0x00000000a0000000, 0x00000000b4500000, 0x00000000e0000000)
  object space 332800K, 5% used [0x00000000a0000000,0x00000000a12d4208,0x00000000b4500000)
 Metaspace       used 51800K, capacity 53488K, committed 53632K, reserved 1095680K
  class space    used 7045K, capacity 7435K, committed 7552K, reserved 1048576K
}

